**************************************************************

Downloaded Nujabes-Aruarian Dance (Slowed+High pitched )|#music#nujabes on 2023-07-13 at 21:46:36

******************************************************************************************************************************************************************************************

Downloaded Arkham Batman Vs Insomniac Spider-Man (As a character) on 2023-07-13 at 23:59:02

******************************************************************************************************************************************************************************************

Downloaded How To use py2exe on 2023-07-15 at 20:30:41

******************************************************************************************************************************************************************************************

Downloaded How To use py2exe on 2023-07-15 at 20:31:20

******************************************************************************************************************************************************************************************

Downloaded MY!LANE - THIS FEELING (slowed + reverb) on 2023-07-15 at 20:53:58

******************************************************************************************************************************************************************************************

Downloaded gigi masin - call me instrumental slowed (batman dark knight rachel letter) on 2023-07-22 at 16:24:53

******************************************************************************************************************************************************************************************

Downloaded Let It Happen (best part) (slowed+pitched down)-Tame Impala on 2023-07-24 at 11:25:30

******************************************************************************************************************************************************************************************

Downloaded Subrigo - shrinking star on 2023-07-27 at 23:20:07

******************************************************************************************************************************************************************************************

******************************************************************************************************************************************************************************************

	ERROR
Traceback (most recent call last):
  File "y:\Python\YT-Downloader\main.py", line 490, in animate_gif
    label.configure(text="",image=frames[frame_index])
                                  ~~~~~~^^^^^^^^^^^^^
IndexError: list index out of range

During handling of the above exception, another exception occurred:

Traceback (most recent call last):
  File "y:\Python\YT-Downloader\main.py", line 174, in actual_down
    log(video_title,None)
  File "y:\Python\YT-Downloader\main.py", line 48, in log
    wri.write("Downloaded " + title + " on " + formatteddate + " at " + formattedtime)
  File "C:\Program Files\WindowsApps\PythonSoftwareFoundation.Python.3.11_3.11.1264.0_x64__qbz5n2kfra8p0\Lib\encodings\cp1252.py", line 19, in encode
    return codecs.charmap_encode(input,self.errors,encoding_table)[0]
           ^^^^^^^^^^^^^^^^^^^^^^^^^^^^^^^^^^^^^^^^^^^^^^^^^^^^^^^
UnicodeEncodeError: 'charmap' codec can't encode characters in position 11-18: character maps to <undefined>


******************************************************************************************************************************************************************************************

******************************************************************************************************************************************************************************************

	ERROR
Traceback (most recent call last):
  File "y:\Python\YT-Downloader\main.py", line 490, in animate_gif
    label.configure(text="",image=frames[frame_index])
                                  ~~~~~~^^^^^^^^^^^^^
IndexError: list index out of range

During handling of the above exception, another exception occurred:

Traceback (most recent call last):
  File "y:\Python\YT-Downloader\main.py", line 174, in actual_down
    log(video_title,None)
  File "y:\Python\YT-Downloader\main.py", line 48, in log
    wri.write("Downloaded " + title + " on " + formatteddate + " at " + formattedtime)
  File "C:\Program Files\WindowsApps\PythonSoftwareFoundation.Python.3.11_3.11.1264.0_x64__qbz5n2kfra8p0\Lib\encodings\cp1252.py", line 19, in encode
    return codecs.charmap_encode(input,self.errors,encoding_table)[0]
           ^^^^^^^^^^^^^^^^^^^^^^^^^^^^^^^^^^^^^^^^^^^^^^^^^^^^^^^
UnicodeEncodeError: 'charmap' codec can't encode characters in position 11-18: character maps to <undefined>


******************************************************************************************************************************************************************************************

******************************************************************************************************************************************************************************************

	ERROR
Traceback (most recent call last):
  File "y:\Python\YT-Downloader\main.py", line 490, in animate_gif
    while True:
                
IndexError: list index out of range

During handling of the above exception, another exception occurred:

Traceback (most recent call last):
  File "y:\Python\YT-Downloader\main.py", line 174, in actual_down
    'verbose': True,
            ^^^^^^^^^
  File "y:\Python\YT-Downloader\main.py", line 48, in log
    wri.write("******************************************************************************************************************************************************************************************\n\n")
    ^^^^^^^^^^^^^^^^^^^^^^^^^^^^^^^^^^^^^^^^^^^^^^^^^^^^^^^^^^^^^^^^^^^^^^^^^^^^^^^^^^
  File "C:\Program Files\WindowsApps\PythonSoftwareFoundation.Python.3.11_3.11.1264.0_x64__qbz5n2kfra8p0\Lib\encodings\cp1252.py", line 19, in encode
    return codecs.charmap_encode(input,self.errors,encoding_table)[0]
           ^^^^^^^^^^^^^^^^^^^^^^^^^^^^^^^^^^^^^^^^^^^^^^^^^^^^^^^
UnicodeEncodeError: 'charmap' codec can't encode characters in position 11-18: character maps to <undefined>


******************************************************************************************************************************************************************************************

Downloaded Joji - Worldstar Money [intro loop] (slowed) on 2023-07-27 at 23:28:59

******************************************************************************************************************************************************************************************

Downloaded Joji - Worldstar Money [intro loop] (slowed) on 2023-07-27 at 23:29:30

******************************************************************************************************************************************************************************************

Downloaded Joji - Worldstar Money [intro loop] (slowed) on 2023-07-27 at 23:32:59

******************************************************************************************************************************************************************************************

Downloaded Joji - Worldstar Money [intro loop] (slowed) on 2023-07-27 at 23:33:38

******************************************************************************************************************************************************************************************

Downloaded joji - worldstar money (s l o w e d + r e v e r b) on 2023-07-27 at 23:34:04

******************************************************************************************************************************************************************************************

Downloaded joji - worldstar money (s l o w e d + r e v e r b) on 2023-07-27 at 23:36:08

******************************************************************************************************************************************************************************************

Downloaded joji - worldstar money (s l o w e d + r e v e r b) on 2023-07-27 at 23:37:40

******************************************************************************************************************************************************************************************

Downloaded joji - worldstar money (slowed) on 2023-07-27 at 23:57:34

******************************************************************************************************************************************************************************************

Downloaded joji - worldstar money (slowed) on 2023-07-27 at 23:59:47

******************************************************************************************************************************************************************************************

Downloaded joji - worldstar money (slowed) on 2023-07-28 at 00:01:44

******************************************************************************************************************************************************************************************

Downloaded joji - worldstar money (slowed) on 2023-07-28 at 00:01:51

******************************************************************************************************************************************************************************************

Downloaded joji - worldstar money (slowed) on 2023-07-28 at 00:03:28

******************************************************************************************************************************************************************************************

Downloaded joji - worldstar money (slowed) on 2023-07-28 at 00:04:04

******************************************************************************************************************************************************************************************

Downloaded joji - worldstar money (slowed) on 2023-07-28 at 00:05:18

******************************************************************************************************************************************************************************************

Downloaded joji - worldstar money (slowed) on 2023-07-28 at 00:05:41

******************************************************************************************************************************************************************************************

Downloaded crystal castles - suffocation (slowed) on 2023-07-28 at 00:16:07

******************************************************************************************************************************************************************************************

Downloaded crystal castles - suffocation (slowed) on 2023-07-28 at 00:17:02

